\BOOKMARK [1][-]{section.1}{\376\377\000G\000i\036\333\000i\000\040\000t\000h\000i\036\307\000u}{}% 1
\BOOKMARK [2][-]{subsection.1.1}{\376\377\000B\036\321\000i\000\040\000c\036\243\000n\000h}{section.1}% 2
\BOOKMARK [2][-]{subsection.1.2}{\376\377\000N\036\331\000i\000\040\000d\000u\000n\000g\000\040\000n\000g\000h\000i\000\352\000n\000\040\000c\036\351\000u}{section.1}% 3
\BOOKMARK [2][-]{subsection.1.3}{\376\377\000M\036\345\000c\000\040\000t\000i\000\352\000u\000\040\000n\000g\000h\000i\000\352\000n\000\040\000c\036\351\000u}{section.1}% 4
\BOOKMARK [2][-]{subsection.1.4}{\376\377\000C\001\241\000\040\000s\036\337\000\040\000l\000\375\000\040\000t\000h\000u\000y\036\277\000t\000\040\000v\000\340\000\040\000n\000g\000h\000i\000\352\000n\000\040\000c\036\351\000u\000\040\000l\000i\000\352\000n\000\040\000q\000u\000a\000n}{section.1}% 5
\BOOKMARK [2][-]{subsection.1.5}{\376\377\000P\000h\001\260\001\241\000n\000g\000\040\000p\000h\000\341\000p\000\040\000n\000g\000h\000i\000\352\000n\000\040\000c\036\351\000u}{section.1}% 6
\BOOKMARK [3][-]{subsubsection.1.5.1}{\376\377\000M\036\345\000c\000\040\000t\000i\000\352\000u}{subsection.1.5}% 7
\BOOKMARK [3][-]{subsubsection.1.5.2}{\376\377\000D\036\357\000\040\000l\000i\036\307\000u\000\040\000s\036\355\000\040\000d\036\345\000n\000g}{subsection.1.5}% 8
\BOOKMARK [3][-]{subsubsection.1.5.3}{\376\377\000P\000h\001\260\001\241\000n\000g\000\040\000p\000h\000\341\000p\000\040\000t\000i\036\277\000p\000\040\000c\036\255\000n}{subsection.1.5}% 9
\BOOKMARK [3][-]{subsubsection.1.5.4}{\376\377\001\020\000\341\000n\000h\000\040\000g\000i\000\341\000\040\000h\000i\036\307\000u\000\040\000s\000u\036\245\000t}{subsection.1.5}% 10
\BOOKMARK [3][-]{subsubsection.1.5.5}{\376\377\000K\000i\036\303\000m\000\040\000t\000r\000a\000\040\001\021\036\331\000\040\000t\000i\000n\000\040\000c\036\255\000y}{subsection.1.5}% 11
\BOOKMARK [3][-]{subsubsection.1.5.6}{\376\377\000S\000o\000\040\000s\000\341\000n\000h\000\040\000g\000i\036\357\000a\000\040\000c\000\341\000c\000\040\000p\000h\000i\000\352\000n\000\040\000b\036\243\000n\000\040\000C\000h\000a\000t\000G\000P\000T}{subsection.1.5}% 12
\BOOKMARK [2][-]{subsection.1.6}{\376\377\000K\036\277\000t\000\040\000q\000u\036\243\000\040\000c\000h\000\355\000n\000h}{section.1}% 13
\BOOKMARK [2][-]{subsection.1.7}{\376\377\000K\036\277\000t\000\040\000l\000u\036\255\000n}{section.1}% 14
\BOOKMARK [1][-]{section.2}{\376\377\000C\000h\000i\000\040\000t\000i\036\277\000t\000\040\000t\036\325\000\040\000c\000h\036\351\000c}{}% 15
\BOOKMARK [2][-]{subsection.2.1}{\376\377\000T\000r\000\355\000\040\000t\000u\036\307\000\040\000n\000h\000\342\000n\000\040\000t\036\241\000o\000\040\000T\036\241\000o\000\040\000s\000i\000n\000h\000\040\000v\000\340\000\040\000C\000h\000a\000t\000G\000P\000T}{section.2}% 16
\BOOKMARK [2][-]{subsection.2.2}{\376\377\000C\000h\000a\000t\000G\000P\000T\000\040\000F\000i\000n\000e\000-\000T\000u\000n\000i\000n\000g}{section.2}% 17
\BOOKMARK [2][-]{subsection.2.3}{\376\377\000D\036\357\000\040\000l\000i\036\307\000u\000\040\000v\001\003\000n\000\040\000b\036\243\000n}{section.2}% 18
\BOOKMARK [3][-]{subsubsection.2.3.1}{\376\377\000W\000a\000l\000l\000\040\000S\000t\000r\000e\000e\000t\000\040\000J\000o\000u\000r\000n\000a\000l\000\040\000\050\000W\000S\000J\000\051}{subsection.2.3}% 19
\BOOKMARK [3][-]{subsubsection.2.3.2}{\376\377\000C\000h\000i\000n\000a\000\040\000S\000t\000a\000t\000e\000\040\000C\000o\000u\000n\000c\000i\000l\000\040\000P\000o\000l\000i\000c\000y\000\040\000R\000e\000l\000e\000a\000s\000e}{subsection.2.3}% 20
\BOOKMARK [3][-]{subsubsection.2.3.3}{\376\377\000\335\000\040\000n\000g\000h\001\051\000a\000\040\000k\036\277\000t\000\040\000h\036\343\000p\000\040\000d\036\357\000\040\000l\000i\036\307\000u\000:}{subsection.2.3}% 21
\BOOKMARK [3][-]{subsubsection.2.3.4}{\376\377\000K\036\277\000t\000\040\000q\000u\036\243\000\040\000c\000h\000\355\000n\000h\000:}{subsection.2.3}% 22
\BOOKMARK [1][-]{section.3}{\376\377\000P\000h\001\260\001\241\000n\000g\000\040\000p\000h\000\341\000p}{}% 23
\BOOKMARK [2][-]{subsection.3.1}{\376\377\000H\001\260\036\333\000n\000g\000\040\000d\036\253\000n\000\040\000k\000h\000u\000y\036\277\000n\000\040\000n\000g\000h\036\313\000\040\000c\036\325\000\040\000p\000h\000i\036\277\000u\000\040\000t\036\241\000i\000\040\000M\036\371\000\040\000d\036\361\000a\000\040\000t\000r\000\352\000n\000\040\000W\000a\000l\000l\000\040\000S\000t\000r\000e\000e\000t\000\040\000J\000o\000u\000r\000n\000a\000l}{section.3}% 24
\BOOKMARK [2][-]{subsection.3.2}{\376\377\000H\001\260\036\333\000n\000g\000\040\000d\036\253\000n\000\040\000k\000h\000u\000y\036\277\000n\000\040\000n\000g\000h\036\313\000\040\000n\000g\000\340\000n\000h\000\040\000t\036\241\000i\000\040\000M\036\371\000\040\000d\036\361\000a\000\040\000t\000r\000\352\000n\000\040\000W\000a\000l\000l\000\040\000S\000t\000r\000e\000e\000t\000\040\000J\000o\000u\000r\000n\000a\000l}{section.3}% 25
\BOOKMARK [2][-]{subsection.3.3}{\376\377\000V\000\355\000\040\000d\036\345\000\040\000m\000i\000n\000h\000\040\000h\036\315\000a}{section.3}% 26
\BOOKMARK [2][-]{subsection.3.4}{\376\377\000C\036\243\000i\000\040\000t\000h\000i\036\307\000n\000\040\000k\000h\036\243\000\040\000n\001\003\000n\000g\000\040\000k\000h\000u\000y\036\277\000n\000\040\000n\000g\000h\036\313\000\040\000c\036\347\000a\000\040\000C\000h\000a\000t\000G\000P\000T\000\040\000t\000h\000\364\000n\000g\000\040\000q\000u\000a\000\040\000t\000i\000n\000h\000\040\000c\000h\036\311\000n\000h}{section.3}% 27
\BOOKMARK [2][-]{subsection.3.5}{\376\377\001\020\000\341\000n\000h\000\040\000g\000i\000\341\000\040\000t\000\355\000n\000h\000\040\000h\036\343\000p\000\040\000l\000\375\000\040\000c\036\347\000a\000\040\000c\000\341\000c\000\040\000k\000h\000u\000y\036\277\000n\000\040\000n\000g\000h\036\313}{section.3}% 28
\BOOKMARK [2][-]{subsection.3.6}{\376\377\000T\000h\036\321\000n\000g\000\040\000k\000\352\000\040\001\021\036\267\000c\000\040\001\021\000i\036\303\000m\000\040\000c\036\325\000\040\000p\000h\000i\036\277\000u\000\040\000v\000\340\000\040\000b\036\243\000n\000\040\000t\000i\000n\000\040\000c\000h\000\355\000n\000h\000\040\000s\000\341\000c\000h}{section.3}% 29
\BOOKMARK [1][-]{section.4}{\376\377\000T\000e\000s\000t\000i\000n\000g\000\040\000C\000h\000a\000t\000G\000P\000T\000\040\000s\036\355\000\040\000d\036\345\000n\000g\000\040\000d\036\357\000\040\000l\000i\036\307\000u\000\040\000c\000h\000\355\000n\000h\000\040\000s\000\341\000c\000h\000\040\000c\036\347\000a\000\040\000M\036\371}{}% 30
\BOOKMARK [2][-]{subsection.4.1}{\376\377\000K\000i\036\303\000m\000\040\000t\000r\000a\000\040\000l\036\255\000p\000\040\000l\000u\036\255\000n\000\040\000d\036\361\000a\000\040\000t\000r\000\352\000n\000\040\001\021\000\341\000n\000h\000\040\000g\000i\000\341\000\040\000c\036\347\000a\000\040\000c\000o\000n\000\040\000n\000g\001\260\036\335\000i}{section.4}% 31
\BOOKMARK [2][-]{subsection.4.2}{\376\377\000T\000h\036\313\000\040\000t\000r\001\260\036\335\000n\000g\000\040\000c\000h\036\351\000n\000g\000\040\000k\000h\000o\000\341\000n\000\040\000M\036\371\000:\000K\000i\036\303\000m\000\040\001\021\036\313\000n\000h\000\040\000t\000r\000o\000n\000g\000\040\000m\036\253\000u\000\040\000\050\000I\000n\000-\000s\000a\000m\000p\000l\000e\000\040\000t\000e\000s\000t\000\051}{section.4}% 32
\BOOKMARK [3][-]{subsubsection.4.2.1}{\376\377\000M\036\345\000c\000\040\000t\000i\000\352\000u\000\040\000v\000\340\000\040\000t\000h\000i\036\277\000t\000\040\000k\036\277\000\040\000n\000g\000h\000i\000\352\000n\000\040\000c\036\351\000u}{subsection.4.2}% 33
\BOOKMARK [3][-]{subsubsection.4.2.2}{\376\377\000K\036\277\000t\000\040\000q\000u\036\243\000\040\000k\000i\036\303\000m\000\040\000t\000r\000a\000\040\000t\000r\000o\000n\000g\000\040\000m\036\253\000u}{subsection.4.2}% 34
\BOOKMARK [3][-]{subsubsection.4.2.3}{\376\377\000K\036\277\000t\000\040\000l\000u\036\255\000n}{subsection.4.2}% 35
\BOOKMARK [2][-]{subsection.4.3}{\376\377\000T\000h\036\313\000\040\000t\000r\001\260\036\335\000n\000g\000\040\000c\000h\036\351\000n\000g\000\040\000k\000h\000o\000\341\000n\000\040\000M\036\371\000:\000\040\000K\000i\036\303\000m\000\040\001\021\036\313\000n\000h\000\040\000n\000g\000o\000\340\000i\000\040\000m\036\253\000u\000\040\000\050\000O\000u\000t\000-\000o\000f\000\040\000s\000a\000m\000p\000l\000e\000\040\000t\000e\000s\000t\000\051}{section.4}% 36
\BOOKMARK [3][-]{subsubsection.4.3.1}{\376\377\000G\000i\036\333\000i\000\040\000t\000h\000i\036\307\000u}{subsection.4.3}% 37
\BOOKMARK [3][-]{subsubsection.4.3.2}{\376\377\000P\000h\001\260\001\241\000n\000g\000\040\000p\000h\000\341\000p\000\040\000k\000i\036\303\000m\000\040\000t\000r\000a}{subsection.4.3}% 38
\BOOKMARK [3][-]{subsubsection.4.3.3}{\376\377\000K\036\277\000t\000\040\000q\000u\036\243\000\040\000n\000g\000o\000\340\000i\000\040\000m\036\253\000u}{subsection.4.3}% 39
\BOOKMARK [3][-]{subsubsection.4.3.4}{\376\377\000K\036\277\000t\000\040\000l\000u\036\255\000n}{subsection.4.3}% 40
\BOOKMARK [2][-]{subsection.4.4}{\376\377\000T\000h\036\313\000\040\000t\000r\001\260\036\335\000n\000g\000\040\000c\000h\036\351\000n\000g\000\040\000k\000h\000o\000\341\000n\000\040\000M\036\371\000:\000\040\000K\036\277\000t\000\040\000q\000u\036\243\000\040\000s\000a\000u\000\040\000k\000h\000i\000\040\000t\000i\000n\000h\000\040\000c\000h\036\311\000n\000h\000\040\000m\000\364\000\040\000h\000\354\000n\000h\000\040\000\050\000F\000i\000n\000e\000-\000t\000u\000n\000i\000n\000g\000\051}{section.4}% 41
\BOOKMARK [3][-]{subsubsection.4.4.1}{\376\377\000G\000i\036\333\000i\000\040\000t\000h\000i\036\307\000u\000\040\000v\000\340\000\040\000p\000h\001\260\001\241\000n\000g\000\040\000p\000h\000\341\000p}{subsection.4.4}% 42
\BOOKMARK [3][-]{subsubsection.4.4.2}{\376\377\000K\036\277\000t\000\040\000q\000u\036\243\000\040\000t\000h\036\355\000\040\000n\000g\000h\000i\036\307\000m}{subsection.4.4}% 43
\BOOKMARK [3][-]{subsubsection.4.4.3}{\376\377\000S\000o\000\040\000s\000\341\000n\000h\000\040\000v\036\333\000i\000\040\000p\000h\000\342\000n\000\040\000t\000\355\000c\000h\000\040\000v\001\003\000n\000\040\000b\036\243\000n\000\040\000t\000r\000u\000y\036\301\000n\000\040\000t\000h\036\321\000n\000g}{subsection.4.4}% 44
\BOOKMARK [3][-]{subsubsection.4.4.4}{\376\377\000K\036\277\000t\000\040\000q\000u\036\243\000\040\000t\000r\036\361\000c\000\040\000q\000u\000a\000n\000\040\000h\000\363\000a}{subsection.4.4}% 45
\BOOKMARK [1][-]{section.5}{\376\377\000T\000e\000s\000t\000i\000n\000g\000\040\000C\000h\000a\000t\000G\000P\000T\000\040\000s\036\355\000\040\000d\036\345\000n\000g\000\040\000d\036\357\000\040\000l\000i\036\307\000u\000\040\000c\000h\000\355\000n\000h\000\040\000s\000\341\000c\000h\000\040\000T\000r\000u\000n\000g\000\040\000Q\000u\036\321\000c}{}% 46
\BOOKMARK [2][-]{subsection.5.1}{\376\377\000B\000\340\000i\000\040\000k\000i\036\303\000m\000\040\000t\000r\000a\000\040\000l\036\255\000p\000\040\000l\000u\036\255\000n\000\040\000d\036\361\000a\000\040\000t\000r\000\352\000n\000\040\001\021\000\341\000n\000h\000\040\000g\000i\000\341\000\040\000c\036\347\000a\000\040\000c\000o\000n\000\040\000n\000g\001\260\036\335\000i}{section.5}% 47
\BOOKMARK [3][-]{subsubsection.5.1.1}{\376\377\000G\000i\036\333\000i\000\040\000t\000h\000i\036\307\000u}{subsection.5.1}% 48
\BOOKMARK [3][-]{subsubsection.5.1.2}{\376\377\000P\000h\001\260\001\241\000n\000g\000\040\000p\000h\000\341\000p\000\040\000k\000i\036\303\000m\000\040\000t\000r\000a}{subsection.5.1}% 49
\BOOKMARK [3][-]{subsubsection.5.1.3}{\376\377\000K\036\277\000t\000\040\000q\000u\036\243\000\040\001\021\000\341\000n\000h\000\040\000g\000i\000\341}{subsection.5.1}% 50
\BOOKMARK [3][-]{subsubsection.5.1.4}{\376\377\000K\036\277\000t\000\040\000l\000u\036\255\000n}{subsection.5.1}% 51
\BOOKMARK [2][-]{subsection.5.2}{\376\377\000T\000h\036\313\000\040\000t\000r\001\260\036\335\000n\000g\000\040\000c\000h\036\351\000n\000g\000\040\000k\000h\000o\000\341\000n\000\040\000T\000r\000u\000n\000g\000\040\000Q\000u\036\321\000c\000:\000\040\000K\000i\036\303\000m\000\040\001\021\036\313\000n\000h\000\040\000t\000r\000o\000n\000g\000\040\000m\036\253\000u\000\040\000\050\000I\000n\000\040\000s\000a\000m\000p\000l\000e\000\040\000t\000e\000s\000t\000\051}{section.5}% 52
\BOOKMARK [3][-]{subsubsection.5.2.1}{\376\377\000T\000h\000i\036\277\000t\000\040\000k\036\277\000\040\000t\000h\036\361\000c\000\040\000n\000g\000h\000i\036\307\000m}{subsection.5.2}% 53
\BOOKMARK [3][-]{subsubsection.5.2.2}{\376\377\000K\036\277\000t\000\040\000q\000u\036\243\000\040\000t\000h\036\361\000c\000\040\000n\000g\000h\000i\036\307\000m}{subsection.5.2}% 54
\BOOKMARK [3][-]{subsubsection.5.2.3}{\376\377\000K\036\277\000t\000\040\000l\000u\036\255\000n}{subsection.5.2}% 55
\BOOKMARK [2][-]{subsection.5.3}{\376\377\000T\000h\036\313\000\040\000t\000r\001\260\036\335\000n\000g\000\040\000c\036\325\000\040\000p\000h\000i\036\277\000u\000\040\000T\000r\000u\000n\000g\000\040\000Q\000u\036\321\000c\000:\000\040\000K\000i\036\303\000m\000\040\001\021\036\313\000n\000h\000\040\000n\000g\000o\000\340\000i\000\040\000m\036\253\000u\000\040\000\050\000O\000u\000t\000-\000o\000f\000-\000s\000a\000m\000p\000l\000e\000\040\000T\000e\000s\000t\000\051}{section.5}% 56
\BOOKMARK [3][-]{subsubsection.5.3.1}{\376\377\000G\000i\036\333\000i\000\040\000t\000h\000i\036\307\000u\000\040\000v\000\340\000\040\000p\000h\001\260\001\241\000n\000g\000\040\000p\000h\000\341\000p}{subsection.5.3}% 57
\BOOKMARK [3][-]{subsubsection.5.3.2}{\376\377\000T\000h\000i\036\277\000t\000\040\000k\036\277\000\040\000t\000h\036\361\000c\000\040\000n\000g\000h\000i\036\307\000m}{subsection.5.3}% 58
\BOOKMARK [3][-]{subsubsection.5.3.3}{\376\377\000K\036\277\000t\000\040\000q\000u\036\243\000\040\000t\000h\036\361\000c\000\040\000n\000g\000h\000i\036\307\000m}{subsection.5.3}% 59
\BOOKMARK [3][-]{subsubsection.5.3.4}{\376\377\000K\036\277\000t\000\040\000l\000u\036\255\000n}{subsection.5.3}% 60
\BOOKMARK [2][-]{subsection.5.4}{\376\377\000T\000h\036\313\000\040\000t\000r\001\260\036\335\000n\000g\000\040\000c\000h\036\351\000n\000g\000\040\000k\000h\000o\000\341\000n\000\040\000T\000r\000u\000n\000g\000\040\000Q\000u\036\321\000c\000:\000\040\000K\036\277\000t\000\040\000q\000u\036\243\000\040\000s\000a\000u\000\040\000t\000i\000n\000h\000\040\000c\000h\036\311\000n\000h\000\040\000m\000\364\000\040\000h\000\354\000n\000h\000\040\000\050\000F\000i\000n\000e\000-\000T\000u\000n\000i\000n\000g\000\051}{section.5}% 61
\BOOKMARK [3][-]{subsubsection.5.4.1}{\376\377\000G\000i\036\333\000i\000\040\000t\000h\000i\036\307\000u}{subsection.5.4}% 62
\BOOKMARK [3][-]{subsubsection.5.4.2}{\376\377\000P\000h\001\260\001\241\000n\000g\000\040\000p\000h\000\341\000p\000\040\000t\000i\000n\000h\000\040\000c\000h\036\311\000n\000h}{subsection.5.4}% 63
\BOOKMARK [3][-]{subsubsection.5.4.3}{\376\377\000T\000h\000i\036\277\000t\000\040\000k\036\277\000\040\000t\000h\036\361\000c\000\040\000n\000g\000h\000i\036\307\000m}{subsection.5.4}% 64
\BOOKMARK [3][-]{subsubsection.5.4.4}{\376\377\000K\036\277\000t\000\040\000q\000u\036\243\000\040\000t\000h\036\361\000c\000\040\000n\000g\000h\000i\036\307\000m}{subsection.5.4}% 65
\BOOKMARK [3][-]{subsubsection.5.4.5}{\376\377\000S\000o\000\040\000s\000\341\000n\000h\000\040\000v\036\333\000i\000\040\000p\000h\001\260\001\241\000n\000g\000\040\000p\000h\000\341\000p\000\040\000p\000h\000\342\000n\000\040\000t\000\355\000c\000h\000\040\000t\000r\000u\000y\036\301\000n\000\040\000t\000h\036\321\000n\000g}{subsection.5.4}% 66
\BOOKMARK [3][-]{subsubsection.5.4.6}{\376\377\000T\036\325\000n\000g\000\040\000k\036\277\000t}{subsection.5.4}% 67
\BOOKMARK [1][-]{section.6}{\376\377\000K\000i\036\303\000m\000\040\000t\000r\000a\000\040\000t\000\355\000n\000h\000\040\036\325\000n\000\040\001\021\036\313\000n\000h}{}% 68
\BOOKMARK [2][-]{subsection.6.1}{\376\377\000T\000h\000i\036\277\000t\000\040\000k\036\277\000\040\000k\000i\036\303\000m\000\040\000t\000r\000a}{section.6}% 69
\BOOKMARK [2][-]{subsection.6.2}{\376\377\000K\036\277\000t\000\040\000q\000u\036\243\000\040\000k\000i\036\303\000m\000\040\000t\000r\000a}{section.6}% 70
\BOOKMARK [1][-]{section.7}{\376\377\000K\036\277\000t\000\040\000l\000u\036\255\000n}{}% 71
